[2023-05-24 19:26:36+03:00] INFO: Installer API request received {"method":"GET","endpoint":"checkPhpExtensions"} 
[2023-05-24 19:26:36+03:00] NOTICE: Checking PHP "curl" exte[2023-05-24 19:26:36+03:00] NOTICE: Compared PHP version {"installed":"8.1.5","needed":"8.0.2"} 
[2023-05-24 19:26:36+03:00] NOTICE: Checking PHP "json" extension  
[2023-05-24 19:26:36+03:00] NOTICE: PHP version requirement met.  
[2023-05-24 19:26:36+03:00] NOTICE: Checking PHP "pdo" extension  
[2023-05-24 19:26:36+03:00] NOTICE: Checking PHP "zip" extension  
[2023-05-24 19:26:36+03:00] NOTICE: Checking PHP "mbstring" extension  
[2023-05-24 19:26:36+03:00] NOTICE: Checking PHP "fileinfo" extension  
[2023-05-24 19:26:36+03:00] NOTICE: Checking PHP "openssl" extension  
[2023-05-24 19:26:36+03:00] NOTICE: Checking PHP "gd" extension  
[2023-05-24 19:26:36+03:00] NOTICE: Checking PHP "filter" extension  
[2023-05-24 19:26:36+03:00] NOTICE: Checking PHP "hash" extension  
[2023-05-24 19:26:36+03:00] NOTICE: Checking PHP "dom" extension  
[2023-05-24 19:26:36+03:00] NOTICE: Required PHP extensions are installed.  
[2023-05-24 19:26:36+03:00] INFO: Winter API request {"method":"GET","uri":"ping"} 
[2023-05-24 19:26:36+03:00] NOTICE: Response received from Winter CMS API {"response":"pong"} 
[2023-05-24 19:26:36+03:00] NOTICE: Winter CMS API connection successful.  
[2023-05-24 19:31:43+03:00] INFO: Installer API request received {"method":"POST","endpoint":"checkDatabase"} 
[2023-05-24 19:31:43+03:00] INFO: Installer API request received {"method":"GET","endpoint":"checkWriteAccess"} 
[2023-05-24 19:31:43+03:00] NOTICE: Current working directory is writable.  
[2023-05-24 19:31:43+03:00] NOTICE: Check database connection  
[2023-05-24 19:31:45+03:00] NOTICE: Found 0 table(s) {"tables":""} 
[2023-05-24 19:31:45+03:00] NOTICE: Database connection established and verified empty  
[2023-05-24 19:31:47+03:00] INFO: Installer API request received {"method":"POST","endpoint":"downloadWinter"} 
[2023-05-24 19:31:47+03:00] NOTICE: Try downloading Winter CMS archive  
[2023-05-24 19:31:47+03:00] NOTICE: Downloading Winter ZIP via cURL {"url":"https://github.com/wintercms/winter/archive/refs/heads/1.2.zip"} 
[2023-05-24 19:31:51+03:00] NOTICE: Winter CMS ZIP file downloaded {"path":"D:\\OpenServer_5.4.2\\domains\\socwork.loc\\.wintercms\\winter.zip"} 
[2023-05-24 19:31:51+03:00] INFO: Installer API request received {"method":"POST","endpoint":"extractWinter"} 
[2023-05-24 19:31:51+03:00] NOTICE: Begin extracting Winter CMS archive  
[2023-05-24 19:31:56+03:00] NOTICE: Move subfoldered files into position {"subfolder":"winter-1.2/"} 
[2023-05-24 19:31:56+03:00] NOTICE: Remove ZIP subfolder {"subfolder":"winter-1.2/"} 
[2023-05-24 19:31:56+03:00] NOTICE: Make artisan command-line tool executable {"path":"D:\\OpenServer_5.4.2\\domains\\socwork.loc\\.wintercms\\artisan"} 
[2023-05-24 19:31:56+03:00] NOTICE: Remove Composer Merge plugin from composer.json if found  
[2023-05-24 19:31:56+03:00] NOTICE: Found merge plugin in required packages - removing  
[2023-05-24 19:31:56+03:00] NOTICE: Found merge plugin config in "extra" config definition - removing  
[2023-05-24 19:31:56+03:00] INFO: Installer API request received {"method":"POST","endpoint":"lockDependencies"} 
[2023-05-24 19:31:56+03:00] NOTICE: Create Composer instance  
[2023-05-24 19:31:56+03:00] NOTICE: Set memory limit to 1.5GB  
[2023-05-24 19:31:56+03:00] NOTICE: Set work directory for Composer {"path":"D:\\OpenServer_5.4.2\\domains\\socwork.loc\\.wintercms"} 
[2023-05-24 19:31:56+03:00] NOTICE: Create home/cache directory for Composer {"path":"D:\\OpenServer_5.4.2\\domains\\socwork.loc\\.wintercms\\.composer"} 
[2023-05-24 19:31:56+03:00] NOTICE: Set home/cache directory for Composer {"path":"D:\\OpenServer_5.4.2\\domains\\socwork.loc\\.wintercms\\.composer"} 
[2023-05-24 19:31:56+03:00] NOTICE: Run Composer "update" command - generate only a lockfile  
[2023-05-24 19:32:08+03:00] NOTICE: Locked Composer packages {"numPackages":117,"lockFile":"D:\\OpenServer_5.4.2\\domains\\socwork.loc\\.wintercms\\composer.lock"} 
[2023-05-24 19:32:08+03:00] INFO: Installer API request received {"method":"POST","endpoint":"installDependencies"} 
[2023-05-24 19:32:08+03:00] NOTICE: Create Composer instance  
[2023-05-24 19:32:08+03:00] NOTICE: Set memory limit to 1.5GB  
[2023-05-24 19:32:08+03:00] NOTICE: Set work directory for Composer {"path":"D:\\OpenServer_5.4.2\\domains\\socwork.loc\\.wintercms"} 
[2023-05-24 19:32:08+03:00] NOTICE: Set home/cache directory for Composer {"path":"D:\\OpenServer_5.4.2\\domains\\socwork.loc\\.wintercms\\.composer"} 
[2023-05-24 19:32:08+03:00] NOTICE: Run Composer "install" command - install from lockfile  
[2023-05-24 19:33:00+03:00] NOTICE: Installed Composer packages {"numPackages":117} 
[2023-05-24 19:33:00+03:00] INFO: Installer API request received {"method":"POST","endpoint":"setupConfig"} 
[2023-05-24 19:33:00+03:00] NOTICE: Booting Laravel framework  
[2023-05-24 19:33:00+03:00] NOTICE: Loading autoloader  
[2023-05-24 19:33:00+03:00] NOTICE: Bootstrapping kernel  
[2023-05-24 19:33:00+03:00] NOTICE: Rewriting config {"path":"D:\\OpenServer_5.4.2\\domains\\socwork.loc\\.wintercms\\config\\app.php"} 
[2023-05-24 19:33:00+03:00] NOTICE: Rewriting config {"path":"D:\\OpenServer_5.4.2\\domains\\socwork.loc\\.wintercms\\config\\cms.php"} 
[2023-05-24 19:33:00+03:00] NOTICE: Rewriting config {"path":"D:\\OpenServer_5.4.2\\domains\\socwork.loc\\.wintercms\\config\\database.php"} 
[2023-05-24 19:33:01+03:00] INFO: Installer API request received {"method":"POST","endpoint":"runMigrations"} 
[2023-05-24 19:33:01+03:00] NOTICE: Booting Laravel framework  
[2023-05-24 19:33:01+03:00] NOTICE: Loading autoloader  
[2023-05-24 19:33:01+03:00] NOTICE: Bootstrapping kernel  
[2023-05-24 19:33:01+03:00] NOTICE: Running artisan "config:clear" command  
[2023-05-24 19:33:01+03:00] NOTICE: Command finished. {"output":"\n   INFO  Configuration cache cleared successfully.  \n\r\n"} 
[2023-05-24 19:33:01+03:00] NOTICE: Running database migrations  
[2023-05-24 19:33:05+03:00] NOTICE: Command finished. {"output":"Migrating application and plugins...\r\n\r\n   INFO  Migration table created.  \n\r\n\r\nMigrating System module...\r\n\r\n   INFO  Running migrations.  \n\r\n  2013_10_01_000001_Db_Deferred_Bindings ................................................................... 90ms DONE\r\n  2013_10_01_000002_Db_System_Files ........................................................................ 64ms DONE\r\n  2013_10_01_000003_Db_System_Plugin_Versions .............................................................. 29ms DONE\r\n  2013_10_01_000004_Db_System_Plugin_History ............................................................... 47ms DONE\r\n  2013_10_01_000005_Db_System_Settings ..................................................................... 29ms DONE\r\n  2013_10_01_000006_Db_System_Parameters ................................................................... 28ms DONE\r\n  2013_10_01_000007_Db_System_Add_Disabled_Flag ............................................................ 15ms DONE\r\n  2013_10_01_000008_Db_System_Mail_Templates ............................................................... 28ms DONE\r\n  2013_10_01_000009_Db_System_Mail_Layouts ................................................................. 11ms DONE\r\n  2014_10_01_000010_Db_Jobs ................................................................................ 12ms DONE\r\n  2014_10_01_000011_Db_System_Event_Logs ................................................................... 28ms DONE\r\n  2014_10_01_000012_Db_System_Request_Logs ................................................................. 11ms DONE\r\n  2014_10_01_000013_Db_System_Sessions ..................................................................... 36ms DONE\r\n  2015_10_01_000014_Db_System_Mail_Layout_Rename ............................................................ 2ms DONE\r\n  2015_10_01_000015_Db_System_Add_Frozen_Flag .............................................................. 14ms DONE\r\n  2015_10_01_000016_Db_Cache ............................................................................... 35ms DONE\r\n  2015_10_01_000017_Db_System_Revisions .................................................................... 64ms DONE\r\n  2015_10_01_000018_Db_FailedJobs .......................................................................... 12ms DONE\r\n  2016_10_01_000019_Db_System_Plugin_History_Detail_Text ................................................... 62ms DONE\r\n  2016_10_01_000020_Db_System_Timestamp_Fix ............................................................... 234ms DONE\r\n  2017_08_04_121309_Db_Deferred_Bindings_Add_Index_Session ................................................. 17ms DONE\r\n  2017_10_01_000021_Db_System_Sessions_Update .............................................................. 14ms DONE\r\n  2017_10_01_000022_Db_Jobs_FailedJobs_Update .............................................................. 48ms DONE\r\n  2017_10_01_000023_Db_System_Mail_Partials ................................................................ 11ms DONE\r\n  2017_10_23_000024_Db_System_Mail_Layouts_Add_Options_Field ............................................... 13ms DONE\r\n  2021_10_01_000025_Db_Add_Pivot_Data_To_Deferred_Bindings ................................................. 14ms DONE\r\n  2022_08_06_000026_Db_System_Add_App_Birthday_Date ......................................................... 9ms DONE\r\n  2022_10_14_000027_Db_Jobs_FailedJobs_Update ............................................................. 100ms DONE\r\n\r\n\r\nMigrating Backend module...\r\n\r\n   INFO  Running migrations.  \n\r\n  2013_10_01_000001_Db_Backend_Users ....................................................................... 99ms DONE\r\n  2013_10_01_000002_Db_Backend_User_Groups ................................................................. 34ms DONE\r\n  2013_10_01_000003_Db_Backend_Users_Groups ................................................................ 38ms DONE\r\n  2013_10_01_000004_Db_Backend_User_Throttle ............................................................... 47ms DONE\r\n  2014_01_04_000005_Db_Backend_User_Preferences ............................................................ 30ms DONE\r\n  2014_10_01_000006_Db_Backend_Access_Log .................................................................. 11ms DONE\r\n  2014_10_01_000007_Db_Backend_Add_Description_Field ....................................................... 32ms DONE\r\n  2015_10_01_000008_Db_Backend_Add_Superuser_Flag .......................................................... 19ms DONE\r\n  2016_10_01_000009_Db_Backend_Timestamp_Fix ............................................................... 83ms DONE\r\n  2017_10_01_000010_Db_Backend_User_Roles .................................................................. 61ms DONE\r\n  2018_12_16_000011_Db_Backend_Add_Deleted_At ............................................................... 2ms DONE\r\n\r\n\r\nMigrating Cms module...\r\n\r\n   INFO  Running migrations.  \n\r\n  2014_10_01_000001_Db_Cms_Theme_Data ...................................................................... 28ms DONE\r\n  2016_10_01_000002_Db_Cms_Timestamp_Fix ................................................................... 27ms DONE\r\n  2017_10_01_000003_Db_Cms_Theme_Logs ...................................................................... 67ms DONE\r\n  2018_11_01_000001_Db_Cms_Theme_Templates ................................................................. 48ms DONE\r\n\r\n\r\nSeeding System module...\r\n\r\n   INFO  Seeded System.  \n\r\n\r\nSeeding Backend module...\r\n\r\n   INFO  Seeded Backend.  \n\r\nMigrating Winter Demo (Winter.Demo) plugin...\r\n\r\n   INFO  Running migrations.  \n\r\n  1.0.1:    First version of Demo ........................................................................... 3ms DONE\r\n\r\n\r\n   INFO  Migration complete.  \n\r\n   INFO  \\Backend\\Database\\Seeds\\DatabaseSeeder reported the following:  \n\r\n    - The following password has been automatically generated for the \"admin\" account: T5joBDC0PGjNQhViz8Iyvj\r\n\r\n"} 
[2023-05-24 19:33:05+03:00] INFO: Installer API request received {"method":"POST","endpoint":"createAdmin"} 
[2023-05-24 19:33:05+03:00] NOTICE: Booting Laravel framework  
[2023-05-24 19:33:05+03:00] NOTICE: Loading autoloader  
[2023-05-24 19:33:05+03:00] NOTICE: Bootstrapping kernel  
[2023-05-24 19:33:07+03:00] NOTICE: Finding initial admin account  
[2023-05-24 19:33:07+03:00] NOTICE: Changing admin account to details provided in installation  
[2023-05-24 19:33:07+03:00] INFO: Installer API request received {"method":"POST","endpoint":"cleanUp"} 
[2023-05-24 19:33:07+03:00] NOTICE: Removing installation files  
[2023-05-24 19:33:07+03:00] NOTICE: Removing temporary installation folders  
[2023-05-24 19:33:09+03:00] NOTICE: Removing core development files  
[2023-05-24 19:33:09+03:00] NOTICE: Moving files from temporary work directory to final installation path {"workDir":"D:\\OpenServer_5.4.2\\domains\\socwork.loc\\.wintercms","installDir":"D:\\OpenServer_5.4.2\\domains\\socwork.loc"} 
[2023-05-24 19:33:09+03:00] NOTICE: Removing work directory  
[2023-05-24 19:33:09+03:00] NOTICE: Installation complete!  
